Arguments: 
  C:\Program Files\nodejs\node.exe C:\Users\leonardo.moura\AppData\Roaming\npm\node_modules\yarn\bin\yarn.js start

PATH: 
  C:\Windows\system32;C:\Windows;C:\Windows\System32\Wbem;C:\Windows\System32\WindowsPowerShell\v1.0\;C:\Windows\System32\OpenSSH\;C:\Program Files\dotnet\;C:\Program Files\Microsoft SQL Server\130\Tools\Binn\;C:\Program Files\Git\cmd;C:\Program Files\nodejs\;C:\Program Files\Microsoft SQL Server\Client SDK\ODBC\170\Tools\Binn\;C:\Program Files (x86)\Microsoft SQL Server\150\Tools\Binn\;C:\Program Files\Microsoft SQL Server\150\Tools\Binn\;C:\Program Files\Microsoft SQL Server\150\DTS\Binn\;C:\Program Files (x86)\Microsoft SQL Server\150\DTS\Binn\;C:\Program Files\Azure Data Studio\bin;C:\Program Files\Docker\Docker\resources\bin;C:\ProgramData\DockerDesktop\version-bin;C:\Users\leonardo.moura\AppData\Local\Microsoft\WindowsApps;;C:\Users\leonardo.moura\AppData\Local\Programs\Microsoft VS Code\bin;C:\Users\leonardo.moura\.dotnet\tools;C:\Users\leonardo.moura\AppData\Roaming\npm;C:\Program Files\Azure Data Studio\bin

Yarn version: 
  1.22.10

Node version: 
  14.16.1

Platform: 
  win32 x64

Trace: 
  SyntaxError: C:\AzureDevOps\github\leonardosimoura\micro-frontends-study\package.json: Unexpected token } in JSON at position 357
      at JSON.parse (<anonymous>)
      at C:\Users\leonardo.moura\AppData\Roaming\npm\node_modules\yarn\lib\cli.js:1625:59
      at Generator.next (<anonymous>)
      at step (C:\Users\leonardo.moura\AppData\Roaming\npm\node_modules\yarn\lib\cli.js:310:30)
      at C:\Users\leonardo.moura\AppData\Roaming\npm\node_modules\yarn\lib\cli.js:321:13

npm manifest: 
  {
    "name": "root",
    "private": true,
    "devDependencies": {
      "lerna": "^4.0.0"
    },
    "scripts": {
      "start": "lerna run --scope @typescript/* --parallel start",
      "build": "lerna run --scope @typescript/* build",
      "serve": "lerna run --scope @typescript/* --parallel serve",
      "clean": "lerna run --scope @typescript/* --parallel clean"
    },
  }

yarn manifest: 
  No manifest

Lockfile: 
  No lockfile
